{
  "RSpec": {
    "coverage": {
      "/home/action/code/blocmetrics/app/controllers/api/events_controller.rb": [
        1,
        1,
        1,
        null,
        1,
        9,
        9,
        9,
        4,
        null,
        5,
        null,
        null,
        null,
        1,
        null,
        1,
        9,
        null,
        null,
        1,
        9,
        9,
        9,
        null,
        null
      ],
      "/home/action/code/blocmetrics/app/controllers/application_controller.rb": [
        1,
        1,
        null,
        null,
        1,
        1,
        null,
        1,
        0,
        null,
        null,
        1,
        0,
        null,
        null,
        1,
        null,
        1,
        0,
        null,
        null
      ],
      "/home/action/code/blocmetrics/app/controllers/registered_applications_controller.rb": [
        1,
        1,
        1,
        1,
        null,
        null,
        1,
        5,
        5,
        5,
        null,
        null,
        1,
        2,
        2,
        null,
        null,
        1,
        10,
        10,
        10,
        6,
        6,
        null,
        4,
        4,
        null,
        null,
        null,
        1,
        3,
        3,
        3,
        3,
        3,
        null,
        0,
        0,
        null,
        null,
        null,
        1,
        null,
        1,
        10,
        null,
        null
      ],
      "/home/action/code/blocmetrics/app/models/registered_application.rb": [
        1,
        2,
        null,
        1,
        1,
        null,
        1,
        1,
        1,
        null,
        1,
        5,
        5,
        5,
        0,
        null,
        5,
        null,
        null
      ],
      "/home/action/code/blocmetrics/app/models/event.rb": [
        1,
        1,
        null,
        1,
        1,
        null,
        null,
        null,
        null,
        null,
        null
      ],
      "/home/action/code/blocmetrics/app/policies/registered_application_policy.rb": [
        1,
        1,
        1,
        null,
        null,
        1,
        5,
        null,
        null
      ],
      "/home/action/code/blocmetrics/app/policies/application_policy.rb": [
        1,
        1,
        null,
        1,
        21,
        21,
        null,
        null,
        1,
        0,
        null,
        null,
        1,
        0,
        null,
        null,
        1,
        12,
        null,
        null,
        1,
        2,
        null,
        null,
        1,
        3,
        null,
        null,
        1,
        0,
        null,
        null,
        1,
        3,
        null,
        null,
        1,
        5,
        null,
        null,
        1,
        1,
        null,
        1,
        0,
        0,
        null,
        null,
        1,
        0,
        null,
        null,
        null
      ]
    },
    "timestamp": 1448481562
  }
}
