{
  "RSpec": {
    "coverage": {
      "/home/action/code/blocmetrics/app/models/event.rb": [
        1,
        1,
        null,
        1,
        null
      ],
      "/home/action/code/blocmetrics/app/models/registered_application.rb": [
        1,
        2,
        null,
        1,
        1,
        null,
        1,
        1,
        1,
        null,
        1,
        2,
        2,
        2,
        6,
        null,
        2,
        null,
        null
      ]
    },
    "timestamp": 1447999142
  }
}
